[debug] [2020-12-29T16:16:39.227Z] ----------------------------------------------------------------------
[debug] [2020-12-29T16:16:39.230Z] Command:       /home/misiekhardcore/.nvm/versions/node/v14.15.3/bin/node /mnt/c/Users/xmisi/AppData/Roaming/npm/node_modules/firebase-tools/lib/bin/firebase.js emulators:start --only functions
[debug] [2020-12-29T16:16:39.230Z] CLI Version:   8.16.2
[debug] [2020-12-29T16:16:39.230Z] Platform:      linux
[debug] [2020-12-29T16:16:39.230Z] Node Version:  v14.15.3
[debug] [2020-12-29T16:16:39.231Z] Time:          Tue Dec 29 2020 17:16:39 GMT+0100 (Central European Standard Time)
[debug] [2020-12-29T16:16:39.232Z] ----------------------------------------------------------------------
[debug] [2020-12-29T16:16:39.232Z] 
[debug] [2020-12-29T16:16:39.245Z] > command requires scopes: ["email","openid","https://www.googleapis.com/auth/cloudplatformprojects.readonly","https://www.googleapis.com/auth/firebase","https://www.googleapis.com/auth/cloud-platform"]
[debug] [2020-12-29T16:16:39.245Z] > authorizing via signed-in user
[info] i  emulators: Starting emulators: functions {"metadata":{"emulator":{"name":"hub"},"message":"Starting emulators: functions"}}
[debug] [2020-12-29T16:16:39.274Z] [hub] writing locator at /tmp/hub-ecommerce-website-61878.json
[warn] ⚠  functions: The following emulators are not running, calls to these services from the Functions emulator will affect production: auth, firestore, database, hosting, pubsub {"metadata":{"emulator":{"name":"functions"},"message":"The following emulators are not running, calls to these services from the Functions emulator will affect production: \u001b[1mauth, firestore, database, hosting, pubsub\u001b[22m"}}
[warn] ⚠  Your requested "node" version "8" doesn't match your global version "14" {"metadata":{"emulator":{"name":"functions"},"message":"Your requested \"node\" version \"8\" doesn't match your global version \"14\""}}
[debug] [2020-12-29T16:16:39.354Z] defaultcredentials: writing to file /home/misiekhardcore/.config/firebase/misiekhardcore_gmail_com_application_default_credentials.json
[debug] [2020-12-29T16:16:39.360Z] Setting GAC to /home/misiekhardcore/.config/firebase/misiekhardcore_gmail_com_application_default_credentials.json {"metadata":{"emulator":{"name":"functions"},"message":"Setting GAC to /home/misiekhardcore/.config/firebase/misiekhardcore_gmail_com_application_default_credentials.json"}}
[debug] [2020-12-29T16:16:39.374Z] Ignoring unsupported arg: auto_download {"metadata":{"emulator":{"name":"ui"},"message":"Ignoring unsupported arg: auto_download"}}
[debug] [2020-12-29T16:16:39.375Z] Ignoring unsupported arg: port {"metadata":{"emulator":{"name":"ui"},"message":"Ignoring unsupported arg: port"}}
[debug] [2020-12-29T16:16:39.375Z] Starting Emulator UI with command {"binary":"node","args":["/home/misiekhardcore/.cache/firebase/emulators/ui-v1.2.2/server.bundle.js"],"optionalArgs":[],"joinArgs":false} {"metadata":{"emulator":{"name":"ui"},"message":"Starting Emulator UI with command {\"binary\":\"node\",\"args\":[\"/home/misiekhardcore/.cache/firebase/emulators/ui-v1.2.2/server.bundle.js\"],\"optionalArgs\":[],\"joinArgs\":false}"}}
[info] i  ui: Emulator UI logging to ui-debug.log {"metadata":{"emulator":{"name":"ui"},"message":"Emulator UI logging to \u001b[1mui-debug.log\u001b[22m"}}
[debug] [2020-12-29T16:16:39.561Z] Web / API server started at http://127.0.0.1:4000
 {"metadata":{"emulator":{"name":"ui"},"message":"Web / API server started at http://127.0.0.1:4000\n"}}
[info] i  functions: Watching "/mnt/c/Users/xmisi/Desktop/stronki/react_e_shop/my-app/functions" for Cloud Functions... {"metadata":{"emulator":{"name":"functions"},"message":"Watching \"/mnt/c/Users/xmisi/Desktop/stronki/react_e_shop/my-app/functions\" for Cloud Functions..."}}
[debug] [2020-12-29T16:16:39.739Z] [worker-pool] addWorker(~diagnostic~) {"metadata":{"emulator":{"name":"functions"},"message":"[worker-pool] addWorker(~diagnostic~)"}}
[debug] [2020-12-29T16:16:39.740Z] [worker-pool] Adding worker with key ~diagnostic~, total=1 {"metadata":{"emulator":{"name":"functions"},"message":"[worker-pool] Adding worker with key ~diagnostic~, total=1"}}
[debug] [2020-12-29T16:16:39.740Z] [worker-pool] submitWork(triggerId=) {"metadata":{"emulator":{"name":"functions"},"message":"[worker-pool] submitWork(triggerId=)"}}
[debug] [2020-12-29T16:16:39.741Z] [worker-~diagnostic~-ae84b1e2-993b-4925-b32f-0a3e06044e81]: Assigning socketPath: /tmp/fire_emu_2849.sock {"metadata":{"emulator":{"name":"functions"},"message":"[worker-~diagnostic~-ae84b1e2-993b-4925-b32f-0a3e06044e81]: Assigning socketPath: /tmp/fire_emu_2849.sock"}}
[debug] [2020-12-29T16:16:39.741Z] [worker-~diagnostic~-ae84b1e2-993b-4925-b32f-0a3e06044e81]: BUSY {"metadata":{"emulator":{"name":"functions"},"message":"[worker-~diagnostic~-ae84b1e2-993b-4925-b32f-0a3e06044e81]: BUSY"}}
[debug] [2020-12-29T16:16:40.672Z] [runtime-status] [2849] Functions runtime initialized. {"cwd":"/mnt/c/Users/xmisi/Desktop/stronki/react_e_shop/my-app/functions","node_version":"14.15.3"} {"metadata":{"emulator":{"name":"functions"},"message":"[runtime-status] [2849] Functions runtime initialized. {\"cwd\":\"/mnt/c/Users/xmisi/Desktop/stronki/react_e_shop/my-app/functions\",\"node_version\":\"14.15.3\"}"}}
[debug] [2020-12-29T16:16:40.673Z] [runtime-status] [2849] Disabled runtime features: undefined {"metadata":{"emulator":{"name":"functions"},"message":"[runtime-status] [2849] Disabled runtime features: undefined"}}
[debug] [2020-12-29T16:16:40.678Z] [runtime-status] [2849] Resolved module firebase-admin {"declared":true,"installed":true,"version":"9.4.2","resolution":"/mnt/c/Users/xmisi/Desktop/stronki/react_e_shop/my-app/functions/node_modules/firebase-admin/lib/index.js"} {"metadata":{"emulator":{"name":"functions"},"message":"[runtime-status] [2849] Resolved module firebase-admin {\"declared\":true,\"installed\":true,\"version\":\"9.4.2\",\"resolution\":\"/mnt/c/Users/xmisi/Desktop/stronki/react_e_shop/my-app/functions/node_modules/firebase-admin/lib/index.js\"}"}}
[debug] [2020-12-29T16:16:40.681Z] [runtime-status] [2849] Resolved module firebase-functions {"declared":true,"installed":true,"version":"3.13.0","resolution":"/mnt/c/Users/xmisi/Desktop/stronki/react_e_shop/my-app/functions/node_modules/firebase-functions/lib/index.js"} {"metadata":{"emulator":{"name":"functions"},"message":"[runtime-status] [2849] Resolved module firebase-functions {\"declared\":true,\"installed\":true,\"version\":\"3.13.0\",\"resolution\":\"/mnt/c/Users/xmisi/Desktop/stronki/react_e_shop/my-app/functions/node_modules/firebase-functions/lib/index.js\"}"}}
[debug] [2020-12-29T16:16:40.682Z] [runtime-status] [2849] Resolved module firebase-functions {"declared":true,"installed":true,"version":"3.13.0","resolution":"/mnt/c/Users/xmisi/Desktop/stronki/react_e_shop/my-app/functions/node_modules/firebase-functions/lib/index.js"} {"metadata":{"emulator":{"name":"functions"},"message":"[runtime-status] [2849] Resolved module firebase-functions {\"declared\":true,\"installed\":true,\"version\":\"3.13.0\",\"resolution\":\"/mnt/c/Users/xmisi/Desktop/stronki/react_e_shop/my-app/functions/node_modules/firebase-functions/lib/index.js\"}"}}
[debug] [2020-12-29T16:16:40.685Z] [runtime-status] [2849] Outgoing network have been stubbed. [{"name":"http","status":"mocked"},{"name":"http","status":"mocked"},{"name":"https","status":"mocked"},{"name":"https","status":"mocked"},{"name":"net","status":"mocked"}] {"metadata":{"emulator":{"name":"functions"},"message":"[runtime-status] [2849] Outgoing network have been stubbed. [{\"name\":\"http\",\"status\":\"mocked\"},{\"name\":\"http\",\"status\":\"mocked\"},{\"name\":\"https\",\"status\":\"mocked\"},{\"name\":\"https\",\"status\":\"mocked\"},{\"name\":\"net\",\"status\":\"mocked\"}]"}}
[debug] [2020-12-29T16:16:40.686Z] [runtime-status] [2849] Resolved module firebase-functions {"declared":true,"installed":true,"version":"3.13.0","resolution":"/mnt/c/Users/xmisi/Desktop/stronki/react_e_shop/my-app/functions/node_modules/firebase-functions/lib/index.js"} {"metadata":{"emulator":{"name":"functions"},"message":"[runtime-status] [2849] Resolved module firebase-functions {\"declared\":true,\"installed\":true,\"version\":\"3.13.0\",\"resolution\":\"/mnt/c/Users/xmisi/Desktop/stronki/react_e_shop/my-app/functions/node_modules/firebase-functions/lib/index.js\"}"}}
[debug] [2020-12-29T16:16:40.753Z] [runtime-status] [2849] Checked functions.config() {"config":{}} {"metadata":{"emulator":{"name":"functions"},"message":"[runtime-status] [2849] Checked functions.config() {\"config\":{}}"}}
[debug] [2020-12-29T16:16:40.754Z] [runtime-status] [2849] firebase-functions has been stubbed. {"functionsResolution":{"declared":true,"installed":true,"version":"3.13.0","resolution":"/mnt/c/Users/xmisi/Desktop/stronki/react_e_shop/my-app/functions/node_modules/firebase-functions/lib/index.js"}} {"metadata":{"emulator":{"name":"functions"},"message":"[runtime-status] [2849] firebase-functions has been stubbed. {\"functionsResolution\":{\"declared\":true,\"installed\":true,\"version\":\"3.13.0\",\"resolution\":\"/mnt/c/Users/xmisi/Desktop/stronki/react_e_shop/my-app/functions/node_modules/firebase-functions/lib/index.js\"}}"}}
[debug] [2020-12-29T16:16:40.754Z] [runtime-status] [2849] Resolved module firebase-functions {"declared":true,"installed":true,"version":"3.13.0","resolution":"/mnt/c/Users/xmisi/Desktop/stronki/react_e_shop/my-app/functions/node_modules/firebase-functions/lib/index.js"} {"metadata":{"emulator":{"name":"functions"},"message":"[runtime-status] [2849] Resolved module firebase-functions {\"declared\":true,\"installed\":true,\"version\":\"3.13.0\",\"resolution\":\"/mnt/c/Users/xmisi/Desktop/stronki/react_e_shop/my-app/functions/node_modules/firebase-functions/lib/index.js\"}"}}
[debug] [2020-12-29T16:16:40.756Z] [runtime-status] [2849] Resolved module firebase-admin {"declared":true,"installed":true,"version":"9.4.2","resolution":"/mnt/c/Users/xmisi/Desktop/stronki/react_e_shop/my-app/functions/node_modules/firebase-admin/lib/index.js"} {"metadata":{"emulator":{"name":"functions"},"message":"[runtime-status] [2849] Resolved module firebase-admin {\"declared\":true,\"installed\":true,\"version\":\"9.4.2\",\"resolution\":\"/mnt/c/Users/xmisi/Desktop/stronki/react_e_shop/my-app/functions/node_modules/firebase-admin/lib/index.js\"}"}}
[debug] [2020-12-29T16:16:40.757Z] [runtime-status] [2849] Resolved module firebase-functions {"declared":true,"installed":true,"version":"3.13.0","resolution":"/mnt/c/Users/xmisi/Desktop/stronki/react_e_shop/my-app/functions/node_modules/firebase-functions/lib/index.js"} {"metadata":{"emulator":{"name":"functions"},"message":"[runtime-status] [2849] Resolved module firebase-functions {\"declared\":true,\"installed\":true,\"version\":\"3.13.0\",\"resolution\":\"/mnt/c/Users/xmisi/Desktop/stronki/react_e_shop/my-app/functions/node_modules/firebase-functions/lib/index.js\"}"}}
[debug] [2020-12-29T16:16:40.757Z] [runtime-status] [2849] firebase-admin has been stubbed. {"adminResolution":{"declared":true,"installed":true,"version":"9.4.2","resolution":"/mnt/c/Users/xmisi/Desktop/stronki/react_e_shop/my-app/functions/node_modules/firebase-admin/lib/index.js"}} {"metadata":{"emulator":{"name":"functions"},"message":"[runtime-status] [2849] firebase-admin has been stubbed. {\"adminResolution\":{\"declared\":true,\"installed\":true,\"version\":\"9.4.2\",\"resolution\":\"/mnt/c/Users/xmisi/Desktop/stronki/react_e_shop/my-app/functions/node_modules/firebase-admin/lib/index.js\"}}"}}
[info] ✔  functions[api]: http function initialized (http://127.0.0.1:5001/ecommerce-website-61878/us-central1/api). {"metadata":{"emulator":{"name":"functions"},"message":"\u001b[1mhttp\u001b[22m function initialized (http://127.0.0.1:5001/ecommerce-website-61878/us-central1/api)."}}
[info] 
┌────────────────────────────────────────────────────────────────┐
│ ✔  All emulators ready! View status and logs at 127.0.0.1:4000 │
└────────────────────────────────────────────────────────────────┘

┌───────────┬────────────────┬──────────────────────────┐
│ Emulator  │ Host:Port      │ View in Emulator UI      │
├───────────┼────────────────┼──────────────────────────┤
│ Functions │ 127.0.0.1:5001 │ 127.0.0.1:4000/functions │
└───────────┴────────────────┴──────────────────────────┘
  Other reserved ports: 4400, 4500

Issues? Report them at https://github.com/firebase/firebase-tools/issues and attach the *-debug.log files.
 
[debug] [2020-12-29T16:16:41.126Z] [worker-~diagnostic~-ae84b1e2-993b-4925-b32f-0a3e06044e81]: IDLE {"metadata":{"emulator":{"name":"functions"},"message":"[worker-~diagnostic~-ae84b1e2-993b-4925-b32f-0a3e06044e81]: IDLE"}}
